<testsuites name="jest tests" tests="3" failures="0" time="1.915">
  <testsuite name="undefined" errors="0" failures="0" skipped="0" timestamp="2020-10-17T01:43:15" time="1.915" tests="3">
    <testcase classname=" Renders the correct number of page buttons" name=" Renders the correct number of page buttons" time="0.107">
    </testcase>
    <testcase classname=" Renders articles correctly on app did mount" name=" Renders articles correctly on app did mount" time="0.011">
    </testcase>
    <testcase classname=" Renders articles correctly after page button click" name=" Renders articles correctly after page button click" time="0.019">
    </testcase>
  </testsuite>
</testsuites>